<?xml version="1.0" encoding="UTF-8"?>
<!-- Generated by org.testng.reporters.JUnitXMLReporter -->
<testsuite ignored="0" hostname="inlen8520026389" failures="1" tests="7" name="Default test" time="60.846" errors="0" timestamp="2022-04-09T18:25:06 IST">
  <testcase classname="io.cucumber.testng.AbstractTestNGCucumberTests" name="runScenario" time="14.373">
    <failure type="java.lang.AssertionError" message="expected [Buy Redmi Y3 32GB Online at Best Price in India - PAYBACK] but found [Buy Samsung Galaxy M20 32GB Online at Best Price in India - PAYBACK]">
      <![CDATA[java.lang.AssertionError: expected [Buy Redmi Y3 32GB Online at Best Price in India - PAYBACK] but found [Buy Samsung Galaxy M20 32GB Online at Best Price in India - PAYBACK]
at org.testng.Assert.fail(Assert.java:110)
at org.testng.Assert.failNotEquals(Assert.java:1413)
at org.testng.Assert.assertEqualsImpl(Assert.java:149)
at org.testng.Assert.assertEquals(Assert.java:131)
at org.testng.Assert.assertEquals(Assert.java:655)
at org.testng.Assert.assertEquals(Assert.java:665)
at stepDefinitions.StepDefinitions.redirects_to_product_information_page(StepDefinitions.java:174)
at âœ½.redirects to Product information page(file:///C:/Users/VASUDM/eclipse-workspace/Payback/src/test/java/features/cardsInProductsPage.feature:8)
]]>
    </failure>
  </testcase> <!-- runScenario -->
  <testcase classname="io.cucumber.testng.AbstractTestNGCucumberTests" name="runScenario" time="6.754"/>
  <testcase classname="io.cucumber.testng.AbstractTestNGCucumberTests" name="runScenario" time="6.563"/>
  <testcase classname="io.cucumber.testng.AbstractTestNGCucumberTests" name="runScenario" time="8.296"/>
  <testcase classname="io.cucumber.testng.AbstractTestNGCucumberTests" name="runScenario" time="10.873"/>
  <testcase classname="io.cucumber.testng.AbstractTestNGCucumberTests" name="runScenario" time="8.548"/>
  <testcase classname="io.cucumber.testng.AbstractTestNGCucumberTests" name="runScenario" time="5.111"/>
</testsuite> <!-- Default test -->
