<?xml version="1.0" encoding="UTF-8"?>
<!-- Generated by org.testng.reporters.JUnitXMLReporter -->
<testsuite ignored="0" hostname="inlen8520026389" failures="2" tests="7" name="Earn Points 2" time="48.083" errors="0" timestamp="2022-04-09T23:03:37 IST">
  <testcase classname="io.cucumber.testng.AbstractTestNGCucumberTests" name="runScenario" time="8.058"/>
  <testcase classname="io.cucumber.testng.AbstractTestNGCucumberTests" name="runScenario" time="6.417"/>
  <testcase classname="io.cucumber.testng.AbstractTestNGCucumberTests" name="runScenario" time="8.395"/>
  <testcase classname="io.cucumber.testng.AbstractTestNGCucumberTests" name="runScenario" time="6.889"/>
  <testcase classname="io.cucumber.testng.AbstractTestNGCucumberTests" name="runScenario" time="4.816">
    <failure type="org.openqa.selenium.NoSuchElementException" message="no such element: Unable to locate element: {&amp;quot;method&amp;quot;:&amp;quot;xpath&amp;quot;,&amp;quot;selector&amp;quot;:&amp;quot;//div[@class=&amp;apos;col-lg-3 p-2 col-md-4 col-sm-6 col-6&amp;apos;]//div[@class=&amp;apos;listind_inner_dv h-100 text-center bg-white rounded pt-5 position-relative cursor-pointer&amp;apos; and .//div//div//img[@alt=&amp;apos;Cafe Coffee Day Online&amp;apos;]]//div//a&amp;quot;}
  (Session info: chrome=100.0.4896.75)
For documentation on this error, please visit: https://selenium.dev/exceptions/#no_such_element
Build info: version: &amp;apos;4.1.2&amp;apos;, revision: &amp;apos;9a5a329c5a&amp;apos;
System info: host: &amp;apos;INLEN8520026389&amp;apos;, ip: &amp;apos;192.168.0.107&amp;apos;, os.name: &amp;apos;Windows 10&amp;apos;, os.arch: &amp;apos;amd64&amp;apos;, os.version: &amp;apos;10.0&amp;apos;, java.version: &amp;apos;17.0.2&amp;apos;
Driver info: org.openqa.selenium.chrome.ChromeDriver
Command: [1956680f4331595ad4ec1213ceb59032, findElement {using=xpath, value=//div[@class=&amp;apos;col-lg-3 p-2 col-md-4 col-sm-6 col-6&amp;apos;]//div[@class=&amp;apos;listind_inner_dv h-100 text-center bg-white rounded pt-5 position-relative cursor-pointer&amp;apos; and .//div//div//img[@alt=&amp;apos;Cafe Coffee Day Online&amp;apos;]]//div//a}]
Capabilities {acceptInsecureCerts: false, browserName: chrome, browserVersion: 100.0.4896.75, chrome: {chromedriverVersion: 100.0.4896.60 (6a5d10861ce8..., userDataDir: C:\Users\VASUDM\AppData\Loc...}, goog:chromeOptions: {debuggerAddress: localhost:57181}, javascriptEnabled: true, networkConnectionEnabled: false, pageLoadStrategy: normal, platform: WINDOWS, platformName: WINDOWS, proxy: Proxy(), se:cdp: ws://localhost:57181/devtoo..., se:cdpVersion: 100.0.4896.75, setWindowRect: true, strictFileInteractability: false, timeouts: {implicit: 0, pageLoad: 300000, script: 30000}, unhandledPromptBehavior: dismiss and notify, webauthn:extension:credBlob: true, webauthn:extension:largeBlob: true, webauthn:virtualAuthenticators: true}
Session ID: 1956680f4331595ad4ec1213ceb59032">
      <![CDATA[org.openqa.selenium.NoSuchElementException: no such element: Unable to locate element: {"method":"xpath","selector":"//div[@class='col-lg-3 p-2 col-md-4 col-sm-6 col-6']//div[@class='listind_inner_dv h-100 text-center bg-white rounded pt-5 position-relative cursor-pointer' and .//div//div//img[@alt='Cafe Coffee Day Online']]//div//a"}
  (Session info: chrome=100.0.4896.75)
For documentation on this error, please visit: https://selenium.dev/exceptions/#no_such_element
Build info: version: '4.1.2', revision: '9a5a329c5a'
System info: host: 'INLEN8520026389', ip: '192.168.0.107', os.name: 'Windows 10', os.arch: 'amd64', os.version: '10.0', java.version: '17.0.2'
Driver info: org.openqa.selenium.chrome.ChromeDriver
Command: [1956680f4331595ad4ec1213ceb59032, findElement {using=xpath, value=//div[@class='col-lg-3 p-2 col-md-4 col-sm-6 col-6']//div[@class='listind_inner_dv h-100 text-center bg-white rounded pt-5 position-relative cursor-pointer' and .//div//div//img[@alt='Cafe Coffee Day Online']]//div//a}]
Capabilities {acceptInsecureCerts: false, browserName: chrome, browserVersion: 100.0.4896.75, chrome: {chromedriverVersion: 100.0.4896.60 (6a5d10861ce8..., userDataDir: C:\Users\VASUDM\AppData\Loc...}, goog:chromeOptions: {debuggerAddress: localhost:57181}, javascriptEnabled: true, networkConnectionEnabled: false, pageLoadStrategy: normal, platform: WINDOWS, platformName: WINDOWS, proxy: Proxy(), se:cdp: ws://localhost:57181/devtoo..., se:cdpVersion: 100.0.4896.75, setWindowRect: true, strictFileInteractability: false, timeouts: {implicit: 0, pageLoad: 300000, script: 30000}, unhandledPromptBehavior: dismiss and notify, webauthn:extension:credBlob: true, webauthn:extension:largeBlob: true, webauthn:virtualAuthenticators: true}
Session ID: 1956680f4331595ad4ec1213ceb59032
at org.openqa.selenium.remote.codec.w3c.W3CHttpResponseCodec.createException(W3CHttpResponseCodec.java:200)
at org.openqa.selenium.remote.codec.w3c.W3CHttpResponseCodec.decode(W3CHttpResponseCodec.java:133)
at org.openqa.selenium.remote.codec.w3c.W3CHttpResponseCodec.decode(W3CHttpResponseCodec.java:53)
at org.openqa.selenium.remote.HttpCommandExecutor.execute(HttpCommandExecutor.java:184)
at org.openqa.selenium.remote.service.DriverCommandExecutor.invokeExecute(DriverCommandExecutor.java:167)
at org.openqa.selenium.remote.service.DriverCommandExecutor.execute(DriverCommandExecutor.java:142)
at org.openqa.selenium.remote.RemoteWebDriver.execute(RemoteWebDriver.java:558)
at org.openqa.selenium.remote.ElementLocation$ElementFinder$2.findElement(ElementLocation.java:162)
at org.openqa.selenium.remote.ElementLocation.findElement(ElementLocation.java:60)
at org.openqa.selenium.remote.RemoteWebDriver.findElement(RemoteWebDriver.java:382)
at org.openqa.selenium.remote.RemoteWebDriver.findElement(RemoteWebDriver.java:374)
at pageFactory.instantVouchersPage.getCcdBuyBtn(instantVouchersPage.java:36)
at stepDefinitions.StepDefinitions.clicked_on_buy_now_button(StepDefinitions.java:299)
at ✽.clicked on buy now button(file:///C:/Users/VASUDM/eclipse-workspace/Payback/src/test/java/features/instantVouchers.feature:21)
... Removed 5 stack frames]]>
    </failure>
  </testcase> <!-- runScenario -->
  <testcase classname="io.cucumber.testng.AbstractTestNGCucumberTests" name="runScenario" time="6.049">
    <failure type="java.lang.AssertionError" message="expected [https://www.mobikwik.com/] but found [https://www.payback.in/partner-brands/mobikwik]">
      <![CDATA[java.lang.AssertionError: expected [https://www.mobikwik.com/] but found [https://www.payback.in/partner-brands/mobikwik]
at stepDefinitions.StepDefinitions.user_should_be_redirected_to_the_online_partners_website(StepDefinitions.java:223)
at ✽.user should be redirected to the online partners website(file:///C:/Users/VASUDM/eclipse-workspace/Payback/src/test/java/features/isoPartners.feature:9)
... Removed 6 stack frames]]>
    </failure>
  </testcase> <!-- runScenario -->
  <testcase classname="io.cucumber.testng.AbstractTestNGCucumberTests" name="runScenario" time="7.1"/>
</testsuite> <!-- Earn Points 2 -->
