<html>
<head>
<title>TestNG:  Earn Points</title>
<link href="../testng.css" rel="stylesheet" type="text/css" />
<link href="../my-testng.css" rel="stylesheet" type="text/css" />

<style type="text/css">
.log { display: none;} 
.stack-trace { display: none;} 
</style>
<script type="text/javascript">
<!--
function flip(e) {
  current = e.style.display;
  if (current == 'block') {
    e.style.display = 'none';
    return 0;
  }
  else {
    e.style.display = 'block';
    return 1;
  }
}

function toggleBox(szDivId, elem, msg1, msg2)
{
  var res = -1;  if (document.getElementById) {
    res = flip(document.getElementById(szDivId));
  }
  else if (document.all) {
    // this is the way old msie versions work
    res = flip(document.all[szDivId]);
  }
  if(elem) {
    if(res == 0) elem.innerHTML = msg1; else elem.innerHTML = msg2;
  }

}

function toggleAllBoxes() {
  if (document.getElementsByTagName) {
    d = document.getElementsByTagName('div');
    for (i = 0; i < d.length; i++) {
      if (d[i].className == 'log') {
        flip(d[i]);
      }
    }
  }
}

// -->
</script>

</head>
<body>
<h2 align='center'>Earn Points</h2><table border='1' align="center">
<tr>
<td>Tests passed/Failed/Skipped:</td><td>5/2/0</td>
</tr><tr>
<td>Started on:</td><td>Sat Apr 09 23:02:49 IST 2022</td>
</tr>
<tr><td>Total time:</td><td>47 seconds (47558 ms)</td>
</tr><tr>
<td>Included groups:</td><td></td>
</tr><tr>
<td>Excluded groups:</td><td></td>
</tr>
</table><p/>
<small><i>(Hover the method name to see the test class name)</i></small><p/>
<table width='100%' border='1' class='invocation-failed'>
<tr><td colspan='4' align='center'><b>FAILED TESTS</b></td></tr>
<tr><td><b>Test method</b></td>
<td width="30%"><b>Exception</b></td>
<td width="10%"><b>Time (seconds)</b></td>
<td><b>Instance</b></td>
</tr>
<tr>
<td title='testOptions.TestRunner.runScenario()'><b>runScenario</b><br>Test class: testOptions.TestRunner<br>Test method: Runs Cucumber Scenarios<br>Parameters: "Validate that the cards expand in size when hovered", "Optional[Cards under SHOP ONLINE VIA PAYBACK ACROSS LEADING WEBSITES]"</td>
<td><div><pre>java.lang.AssertionError: expected [b] but found [a]
	at stepDefinitions.StepDefinitions.card_should_expand_in_size(StepDefinitions.java:73)
	at ?.card should expand in size(file:///C:/Users/VASUDM/eclipse-workspace/Payback/src/test/java/features/cardsUnderOS.feature:7)
... Removed 6 stack frames</pre></div><a href='#' onClick='toggleBox("stack-trace1157594857", this, "Click to show all stack frames", "Click to hide stack frames")'>Click to show all stack frames</a>
<div class='stack-trace' id='stack-trace1157594857'><pre>java.lang.AssertionError: expected [b] but found [a]
	at org.testng.Assert.fail(Assert.java:110)
	at org.testng.Assert.failNotEquals(Assert.java:1413)
	at org.testng.Assert.assertEqualsImpl(Assert.java:149)
	at org.testng.Assert.assertEquals(Assert.java:131)
	at org.testng.Assert.assertEquals(Assert.java:655)
	at org.testng.Assert.assertEquals(Assert.java:665)
	at stepDefinitions.StepDefinitions.card_should_expand_in_size(StepDefinitions.java:73)
	at ?.card should expand in size(file:///C:/Users/VASUDM/eclipse-workspace/Payback/src/test/java/features/cardsUnderOS.feature:7)
</pre></div></td>
<td>4</td>
<td>testOptions.TestRunner@13e344d</td></tr>
<tr>
<td title='testOptions.TestRunner.runScenario()'><b>runScenario</b><br>Test class: testOptions.TestRunner<br>Test method: Runs Cucumber Scenarios<br>Parameters: "Validate the view all button under recomended deals", "Optional[Cards under Recomended Deals]"</td>
<td><div><pre>java.lang.AssertionError: expected [true] but found [false]
	at stepDefinitions.StepDefinitions.more_products_should_be_displayed(StepDefinitions.java:141)
	at ?.more products should be displayed(file:///C:/Users/VASUDM/eclipse-workspace/Payback/src/test/java/features/cardsUnderRecomendedDeals.feature:8)
... Removed 4 stack frames</pre></div><a href='#' onClick='toggleBox("stack-trace1504040131", this, "Click to show all stack frames", "Click to hide stack frames")'>Click to show all stack frames</a>
<div class='stack-trace' id='stack-trace1504040131'><pre>java.lang.AssertionError: expected [true] but found [false]
	at org.testng.Assert.fail(Assert.java:110)
	at org.testng.Assert.failNotEquals(Assert.java:1413)
	at org.testng.Assert.assertTrue(Assert.java:56)
	at org.testng.Assert.assertTrue(Assert.java:66)
	at stepDefinitions.StepDefinitions.more_products_should_be_displayed(StepDefinitions.java:141)
	at ?.more products should be displayed(file:///C:/Users/VASUDM/eclipse-workspace/Payback/src/test/java/features/cardsUnderRecomendedDeals.feature:8)
</pre></div></td>
<td>8</td>
<td>testOptions.TestRunner@13e344d</td></tr>
</table><p>
<table width='100%' border='1' class='invocation-passed'>
<tr><td colspan='4' align='center'><b>PASSED TESTS</b></td></tr>
<tr><td><b>Test method</b></td>
<td width="30%"><b>Exception</b></td>
<td width="10%"><b>Time (seconds)</b></td>
<td><b>Instance</b></td>
</tr>
<tr>
<td title='testOptions.TestRunner.runScenario()'><b>runScenario</b><br>Test class: testOptions.TestRunner<br>Test method: Runs Cucumber Scenarios<br>Parameters: "Validate Banners are changing when user clicks on the dots at the bottom of the banner", "Optional[Scrolling Banner]"</td>
<td></td>
<td>5</td>
<td>testOptions.TestRunner@13e344d</td></tr>
<tr>
<td title='testOptions.TestRunner.runScenario()'><b>runScenario</b><br>Test class: testOptions.TestRunner<br>Test method: Runs Cucumber Scenarios<br>Parameters: "Validate cards under shop by category redirects to products page on click", "Optional[Cards under SHOP BY CATEGORY]"</td>
<td></td>
<td>6</td>
<td>testOptions.TestRunner@13e344d</td></tr>
<tr>
<td title='testOptions.TestRunner.runScenario()'><b>runScenario</b><br>Test class: testOptions.TestRunner<br>Test method: Runs Cucumber Scenarios<br>Parameters: "Validate the cards in Products page and refund policy in product page", "Optional[Products Page]"</td>
<td></td>
<td>11</td>
<td>testOptions.TestRunner@13e344d</td></tr>
<tr>
<td title='testOptions.TestRunner.runScenario()'><b>runScenario</b><br>Test class: testOptions.TestRunner<br>Test method: Runs Cucumber Scenarios<br>Parameters: "Validate the View All button to displays more cards", "Optional[Cards under SHOP ONLINE VIA PAYBACK ACROSS LEADING WEBSITES]"</td>
<td></td>
<td>6</td>
<td>testOptions.TestRunner@13e344d</td></tr>
<tr>
<td title='testOptions.TestRunner.runScenario()'><b>runScenario</b><br>Test class: testOptions.TestRunner<br>Test method: Runs Cucumber Scenarios<br>Parameters: "Validate that the shop button changes color when hovered", "Optional[Cards under SHOP ONLINE VIA PAYBACK ACROSS LEADING WEBSITES]"</td>
<td></td>
<td>4</td>
<td>testOptions.TestRunner@13e344d</td></tr>
</table><p>
</body>
</html>